[0]:12086 srpmpi.c:152 finalize(): -----
[0]:12086 srpmpi.c:153 finalize(): uloha:
[0]:12086 srpdump.c:119 dump_task(): n=7,k=8,q=7
[0]:12086 srpdump.c:122 dump_task(): B:
[0]:12086 srpdump.c:124 dump_task(): 1. 1:2
[0]:12086 srpdump.c:124 dump_task(): 2. 0:2
[0]:12086 srpdump.c:124 dump_task(): 3. 4:1
[0]:12086 srpdump.c:124 dump_task(): 4. 5:1
[0]:12086 srpdump.c:124 dump_task(): 5. 5:2
[0]:12086 srpdump.c:124 dump_task(): 6. 5:0
[0]:12086 srpdump.c:124 dump_task(): 7. 6:0
[0]:12086 srpdump.c:124 dump_task(): 8. 3:2
[0]:12086 srpdump.c:128 dump_task(): S:
[0]:12086 srpdump.c:159 dump_board(): .....##
[0]:12086 srpdump.c:159 dump_board(): ....##.
[0]:12086 srpdump.c:159 dump_board(): ##.#.#.
[0]:12086 srpdump.c:159 dump_board(): .......
[0]:12086 srpdump.c:159 dump_board(): .......
[0]:12086 srpdump.c:159 dump_board(): .......
[0]:12086 srpdump.c:159 dump_board(): .......
[0]:12086 srpdump.c:132 dump_task(): P:
[0]:12086 srpdump.c:137 dump_task(): 0:0=4
[0]:12086 srpdump.c:137 dump_task(): 1:0=4
[0]:12086 srpdump.c:137 dump_task(): 2:0=0
[0]:12086 srpdump.c:137 dump_task(): 3:0=1
[0]:12086 srpdump.c:137 dump_task(): 4:0=1
[0]:12086 srpdump.c:137 dump_task(): 5:0=2
[0]:12086 srpdump.c:137 dump_task(): 6:0=7
[0]:12086 srpdump.c:137 dump_task(): 0:1=1
[0]:12086 srpdump.c:137 dump_task(): 1:1=3
[0]:12086 srpdump.c:137 dump_task(): 2:1=7
[0]:12086 srpdump.c:137 dump_task(): 3:1=7
[0]:12086 srpdump.c:137 dump_task(): 4:1=1
[0]:12086 srpdump.c:137 dump_task(): 5:1=7
[0]:12086 srpdump.c:137 dump_task(): 6:1=6
[0]:12086 srpdump.c:137 dump_task(): 0:2=9
[0]:12086 srpdump.c:137 dump_task(): 1:2=2
[0]:12086 srpdump.c:137 dump_task(): 2:2=5
[0]:12086 srpdump.c:137 dump_task(): 3:2=5
[0]:12086 srpdump.c:137 dump_task(): 4:2=2
[0]:12086 srpdump.c:137 dump_task(): 5:2=8
[0]:12086 srpdump.c:137 dump_task(): 6:2=1
[0]:12086 srpdump.c:137 dump_task(): 0:3=2
[0]:12086 srpdump.c:137 dump_task(): 1:3=0
[0]:12086 srpdump.c:137 dump_task(): 2:3=1
[0]:12086 srpdump.c:137 dump_task(): 3:3=3
[0]:12086 srpdump.c:137 dump_task(): 4:3=6
[0]:12086 srpdump.c:137 dump_task(): 5:3=3
[0]:12086 srpdump.c:137 dump_task(): 6:3=7
[0]:12086 srpdump.c:137 dump_task(): 0:4=4
[0]:12086 srpdump.c:137 dump_task(): 1:4=2
[0]:12086 srpdump.c:137 dump_task(): 2:4=8
[0]:12086 srpdump.c:137 dump_task(): 3:4=1
[0]:12086 srpdump.c:137 dump_task(): 4:4=3
[0]:12086 srpdump.c:137 dump_task(): 5:4=3
[0]:12086 srpdump.c:137 dump_task(): 6:4=7
[0]:12086 srpdump.c:137 dump_task(): 0:5=3
[0]:12086 srpdump.c:137 dump_task(): 1:5=3
[0]:12086 srpdump.c:137 dump_task(): 2:5=2
[0]:12086 srpdump.c:137 dump_task(): 3:5=2
[0]:12086 srpdump.c:137 dump_task(): 4:5=1
[0]:12086 srpdump.c:137 dump_task(): 5:5=6
[0]:12086 srpdump.c:137 dump_task(): 6:5=5
[0]:12086 srpdump.c:137 dump_task(): 0:6=8
[0]:12086 srpdump.c:137 dump_task(): 1:6=3
[0]:12086 srpdump.c:137 dump_task(): 2:6=1
[0]:12086 srpdump.c:137 dump_task(): 3:6=0
[0]:12086 srpdump.c:137 dump_task(): 4:6=2
[0]:12086 srpdump.c:137 dump_task(): 5:6=7
[0]:12086 srpdump.c:137 dump_task(): 6:6=1
[1]:12087 srpmpi.c:164 finalize(): prohledano stavu: 52235853 (orezano: 50552754)
[1]:12087 srpmpi.c:169 finalize(): reseni nalezeno p=11
[1]:12087 srpdump.c:171 dump_hist(): historie tahu:
[1]:12087 srpdump.c:181 dump_hist(): 1. 3:2->1:3
[1]:12087 srpdump.c:181 dump_hist(): 2. 0:2->1:0
[1]:12087 srpdump.c:181 dump_hist(): 3. 1:2->0:0
[1]:12087 srpdump.c:181 dump_hist(): 4. 4:1->2:0
[1]:12087 srpdump.c:181 dump_hist(): 5. 5:1->3:0
[1]:12087 srpdump.c:181 dump_hist(): 6. 5:2->4:0
[1]:12087 srpdump.c:181 dump_hist(): 7. 1:3->0:1
[1]:12087 srpmpi.c:173 finalize(): cas: 45.867361s
