6684 srpnompi.c:296 main(): -----
6684 srpnompi.c:297 main(): uloha:
6684 srpdump.c:119 dump_task(): n=5,k=5,q=5
6684 srpdump.c:122 dump_task(): B:
6684 srpdump.c:124 dump_task(): 1. 0:0
6684 srpdump.c:124 dump_task(): 2. 4:2
6684 srpdump.c:124 dump_task(): 3. 2:0
6684 srpdump.c:124 dump_task(): 4. 3:0
6684 srpdump.c:124 dump_task(): 5. 4:0
6684 srpdump.c:128 dump_task(): S:
6684 srpdump.c:159 dump_board(): #.###
6684 srpdump.c:159 dump_board(): .....
6684 srpdump.c:159 dump_board(): ....#
6684 srpdump.c:159 dump_board(): .....
6684 srpdump.c:159 dump_board(): .....
6684 srpdump.c:132 dump_task(): P:
6684 srpdump.c:137 dump_task(): 0:0=6
6684 srpdump.c:137 dump_task(): 1:0=0
6684 srpdump.c:137 dump_task(): 2:0=8
6684 srpdump.c:137 dump_task(): 3:0=6
6684 srpdump.c:137 dump_task(): 4:0=9
6684 srpdump.c:137 dump_task(): 0:1=7
6684 srpdump.c:137 dump_task(): 1:1=2
6684 srpdump.c:137 dump_task(): 2:1=8
6684 srpdump.c:137 dump_task(): 3:1=2
6684 srpdump.c:137 dump_task(): 4:1=0
6684 srpdump.c:137 dump_task(): 0:2=3
6684 srpdump.c:137 dump_task(): 1:2=0
6684 srpdump.c:137 dump_task(): 2:2=8
6684 srpdump.c:137 dump_task(): 3:2=5
6684 srpdump.c:137 dump_task(): 4:2=0
6684 srpdump.c:137 dump_task(): 0:3=5
6684 srpdump.c:137 dump_task(): 1:3=3
6684 srpdump.c:137 dump_task(): 2:3=4
6684 srpdump.c:137 dump_task(): 3:3=3
6684 srpdump.c:137 dump_task(): 4:3=1
6684 srpdump.c:137 dump_task(): 0:4=7
6684 srpdump.c:137 dump_task(): 1:4=0
6684 srpdump.c:137 dump_task(): 2:4=1
6684 srpdump.c:137 dump_task(): 3:4=5
6684 srpdump.c:137 dump_task(): 4:4=6
6684 srpnompi.c:300 main(): prohledano stavu: 152262 (orezano: 142000)
6684 srpnompi.c:305 main(): reseni nalezeno p=6
6684 srpdump.c:171 dump_hist(): historie tahu:
6684 srpdump.c:181 dump_hist(): 1. 4:2->2:3
6684 srpdump.c:181 dump_hist(): 2. 2:3->3:1
6684 srpdump.c:181 dump_hist(): 3. 3:1->1:0
6684 srpnompi.c:307 main(): cas: 0.110000s
