12633 srpnompi.c:296 main(): -----
12633 srpnompi.c:297 main(): uloha:
12633 srpdump.c:119 dump_task(): n=7,k=7,q=7
12633 srpdump.c:122 dump_task(): B:
12633 srpdump.c:124 dump_task(): 1. 1:2
12633 srpdump.c:124 dump_task(): 2. 3:1
12633 srpdump.c:124 dump_task(): 3. 2:0
12633 srpdump.c:124 dump_task(): 4. 3:0
12633 srpdump.c:124 dump_task(): 5. 0:3
12633 srpdump.c:124 dump_task(): 6. 5:0
12633 srpdump.c:124 dump_task(): 7. 6:0
12633 srpdump.c:128 dump_task(): S:
12633 srpdump.c:159 dump_board(): ..##.##
12633 srpdump.c:159 dump_board(): ...#...
12633 srpdump.c:159 dump_board(): .#.....
12633 srpdump.c:159 dump_board(): #......
12633 srpdump.c:159 dump_board(): .......
12633 srpdump.c:159 dump_board(): .......
12633 srpdump.c:159 dump_board(): .......
12633 srpdump.c:132 dump_task(): P:
12633 srpdump.c:137 dump_task(): 0:0=3
12633 srpdump.c:137 dump_task(): 1:0=5
12633 srpdump.c:137 dump_task(): 2:0=4
12633 srpdump.c:137 dump_task(): 3:0=2
12633 srpdump.c:137 dump_task(): 4:0=6
12633 srpdump.c:137 dump_task(): 5:0=4
12633 srpdump.c:137 dump_task(): 6:0=0
12633 srpdump.c:137 dump_task(): 0:1=7
12633 srpdump.c:137 dump_task(): 1:1=9
12633 srpdump.c:137 dump_task(): 2:1=4
12633 srpdump.c:137 dump_task(): 3:1=8
12633 srpdump.c:137 dump_task(): 4:1=4
12633 srpdump.c:137 dump_task(): 5:1=8
12633 srpdump.c:137 dump_task(): 6:1=7
12633 srpdump.c:137 dump_task(): 0:2=6
12633 srpdump.c:137 dump_task(): 1:2=9
12633 srpdump.c:137 dump_task(): 2:2=6
12633 srpdump.c:137 dump_task(): 3:2=1
12633 srpdump.c:137 dump_task(): 4:2=2
12633 srpdump.c:137 dump_task(): 5:2=5
12633 srpdump.c:137 dump_task(): 6:2=4
12633 srpdump.c:137 dump_task(): 0:3=2
12633 srpdump.c:137 dump_task(): 1:3=6
12633 srpdump.c:137 dump_task(): 2:3=2
12633 srpdump.c:137 dump_task(): 3:3=6
12633 srpdump.c:137 dump_task(): 4:3=2
12633 srpdump.c:137 dump_task(): 5:3=9
12633 srpdump.c:137 dump_task(): 6:3=9
12633 srpdump.c:137 dump_task(): 0:4=8
12633 srpdump.c:137 dump_task(): 1:4=3
12633 srpdump.c:137 dump_task(): 2:4=4
12633 srpdump.c:137 dump_task(): 3:4=5
12633 srpdump.c:137 dump_task(): 4:4=8
12633 srpdump.c:137 dump_task(): 5:4=2
12633 srpdump.c:137 dump_task(): 6:4=2
12633 srpdump.c:137 dump_task(): 0:5=1
12633 srpdump.c:137 dump_task(): 1:5=3
12633 srpdump.c:137 dump_task(): 2:5=4
12633 srpdump.c:137 dump_task(): 3:5=4
12633 srpdump.c:137 dump_task(): 4:5=9
12633 srpdump.c:137 dump_task(): 5:5=7
12633 srpdump.c:137 dump_task(): 6:5=8
12633 srpdump.c:137 dump_task(): 0:6=4
12633 srpdump.c:137 dump_task(): 1:6=7
12633 srpdump.c:137 dump_task(): 2:6=7
12633 srpdump.c:137 dump_task(): 3:6=8
12633 srpdump.c:137 dump_task(): 4:6=4
12633 srpdump.c:137 dump_task(): 5:6=2
12633 srpdump.c:137 dump_task(): 6:6=5
12633 srpnompi.c:300 main(): prohledano stavu: 546410800 (orezano: 528055070)
12633 srpnompi.c:305 main(): reseni nalezeno p=19
12633 srpdump.c:171 dump_hist(): historie tahu:
12633 srpdump.c:181 dump_hist(): 1. 0:3->2:4
12633 srpdump.c:181 dump_hist(): 2. 2:4->3:2
12633 srpdump.c:181 dump_hist(): 3. 3:2->4:0
12633 srpdump.c:181 dump_hist(): 4. 3:1->1:0
12633 srpdump.c:181 dump_hist(): 5. 1:2->0:0
12633 srpnompi.c:307 main(): cas: 432.440000s
