[0]:13932 srpmpi.c:152 finalize(): -----
[0]:13932 srpmpi.c:153 finalize(): uloha:
[0]:13932 srpdump.c:119 dump_task(): n=7,k=7,q=7
[0]:13932 srpdump.c:122 dump_task(): B:
[0]:13932 srpdump.c:124 dump_task(): 1. 1:2
[0]:13932 srpdump.c:124 dump_task(): 2. 3:1
[0]:13932 srpdump.c:124 dump_task(): 3. 2:0
[0]:13932 srpdump.c:124 dump_task(): 4. 3:0
[0]:13932 srpdump.c:124 dump_task(): 5. 0:3
[0]:13932 srpdump.c:124 dump_task(): 6. 5:0
[0]:13932 srpdump.c:124 dump_task(): 7. 6:0
[0]:13932 srpdump.c:128 dump_task(): S:
[0]:13932 srpdump.c:159 dump_board(): ..##.##
[0]:13932 srpdump.c:159 dump_board(): ...#...
[0]:13932 srpdump.c:159 dump_board(): .#.....
[0]:13932 srpdump.c:159 dump_board(): #......
[0]:13932 srpdump.c:159 dump_board(): .......
[0]:13932 srpdump.c:159 dump_board(): .......
[0]:13932 srpdump.c:159 dump_board(): .......
[0]:13932 srpdump.c:132 dump_task(): P:
[0]:13932 srpdump.c:137 dump_task(): 0:0=3
[0]:13932 srpdump.c:137 dump_task(): 1:0=5
[0]:13932 srpdump.c:137 dump_task(): 2:0=4
[0]:13932 srpdump.c:137 dump_task(): 3:0=2
[0]:13932 srpdump.c:137 dump_task(): 4:0=6
[0]:13932 srpdump.c:137 dump_task(): 5:0=4
[0]:13932 srpdump.c:137 dump_task(): 6:0=0
[0]:13932 srpdump.c:137 dump_task(): 0:1=7
[0]:13932 srpdump.c:137 dump_task(): 1:1=9
[0]:13932 srpdump.c:137 dump_task(): 2:1=4
[0]:13932 srpdump.c:137 dump_task(): 3:1=8
[0]:13932 srpdump.c:137 dump_task(): 4:1=4
[0]:13932 srpdump.c:137 dump_task(): 5:1=8
[0]:13932 srpdump.c:137 dump_task(): 6:1=7
[0]:13932 srpdump.c:137 dump_task(): 0:2=6
[0]:13932 srpdump.c:137 dump_task(): 1:2=9
[0]:13932 srpdump.c:137 dump_task(): 2:2=6
[0]:13932 srpdump.c:137 dump_task(): 3:2=1
[0]:13932 srpdump.c:137 dump_task(): 4:2=2
[0]:13932 srpdump.c:137 dump_task(): 5:2=5
[0]:13932 srpdump.c:137 dump_task(): 6:2=4
[0]:13932 srpdump.c:137 dump_task(): 0:3=2
[0]:13932 srpdump.c:137 dump_task(): 1:3=6
[0]:13932 srpdump.c:137 dump_task(): 2:3=2
[0]:13932 srpdump.c:137 dump_task(): 3:3=6
[0]:13932 srpdump.c:137 dump_task(): 4:3=2
[0]:13932 srpdump.c:137 dump_task(): 5:3=9
[0]:13932 srpdump.c:137 dump_task(): 6:3=9
[0]:13932 srpdump.c:137 dump_task(): 0:4=8
[0]:13932 srpdump.c:137 dump_task(): 1:4=3
[0]:13932 srpdump.c:137 dump_task(): 2:4=4
[0]:13932 srpdump.c:137 dump_task(): 3:4=5
[0]:13932 srpdump.c:137 dump_task(): 4:4=8
[0]:13932 srpdump.c:137 dump_task(): 5:4=2
[0]:13932 srpdump.c:137 dump_task(): 6:4=2
[0]:13932 srpdump.c:137 dump_task(): 0:5=1
[0]:13932 srpdump.c:137 dump_task(): 1:5=3
[0]:13932 srpdump.c:137 dump_task(): 2:5=4
[0]:13932 srpdump.c:137 dump_task(): 3:5=4
[0]:13932 srpdump.c:137 dump_task(): 4:5=9
[0]:13932 srpdump.c:137 dump_task(): 5:5=7
[0]:13932 srpdump.c:137 dump_task(): 6:5=8
[0]:13932 srpdump.c:137 dump_task(): 0:6=4
[0]:13932 srpdump.c:137 dump_task(): 1:6=7
[0]:13932 srpdump.c:137 dump_task(): 2:6=7
[0]:13932 srpdump.c:137 dump_task(): 3:6=8
[0]:13932 srpdump.c:137 dump_task(): 4:6=4
[0]:13932 srpdump.c:137 dump_task(): 5:6=2
[0]:13932 srpdump.c:137 dump_task(): 6:6=5
[5]:13937 srpmpi.c:164 finalize(): prohledano stavu: 20329122 (orezano: 19629511)
[5]:13937 srpmpi.c:169 finalize(): reseni nalezeno p=19
[5]:13937 srpdump.c:171 dump_hist(): historie tahu:
[5]:13937 srpdump.c:181 dump_hist(): 1. 1:2->0:0
[5]:13937 srpdump.c:181 dump_hist(): 2. 0:3->2:4
[5]:13937 srpdump.c:181 dump_hist(): 3. 3:1->1:0
[5]:13937 srpdump.c:181 dump_hist(): 4. 2:4->3:2
[5]:13937 srpdump.c:181 dump_hist(): 5. 3:2->4:0
[5]:13937 srpmpi.c:173 finalize(): cas: 18.133162s
