[0]:13632 srpmpi.c:152 finalize(): -----
[0]:13632 srpmpi.c:153 finalize(): uloha:
[0]:13632 srpdump.c:119 dump_task(): n=5,k=5,q=5
[0]:13632 srpdump.c:122 dump_task(): B:
[0]:13632 srpdump.c:124 dump_task(): 1. 0:0
[0]:13632 srpdump.c:124 dump_task(): 2. 4:2
[0]:13632 srpdump.c:124 dump_task(): 3. 2:0
[0]:13632 srpdump.c:124 dump_task(): 4. 3:0
[0]:13632 srpdump.c:124 dump_task(): 5. 4:0
[0]:13632 srpdump.c:128 dump_task(): S:
[0]:13632 srpdump.c:159 dump_board(): #.###
[0]:13632 srpdump.c:159 dump_board(): .....
[0]:13632 srpdump.c:159 dump_board(): ....#
[0]:13632 srpdump.c:159 dump_board(): .....
[0]:13632 srpdump.c:159 dump_board(): .....
[0]:13632 srpdump.c:132 dump_task(): P:
[0]:13632 srpdump.c:137 dump_task(): 0:0=6
[0]:13632 srpdump.c:137 dump_task(): 1:0=0
[0]:13632 srpdump.c:137 dump_task(): 2:0=8
[0]:13632 srpdump.c:137 dump_task(): 3:0=6
[0]:13632 srpdump.c:137 dump_task(): 4:0=9
[0]:13632 srpdump.c:137 dump_task(): 0:1=7
[0]:13632 srpdump.c:137 dump_task(): 1:1=2
[0]:13632 srpdump.c:137 dump_task(): 2:1=8
[0]:13632 srpdump.c:137 dump_task(): 3:1=2
[0]:13632 srpdump.c:137 dump_task(): 4:1=0
[0]:13632 srpdump.c:137 dump_task(): 0:2=3
[0]:13632 srpdump.c:137 dump_task(): 1:2=0
[0]:13632 srpdump.c:137 dump_task(): 2:2=8
[0]:13632 srpdump.c:137 dump_task(): 3:2=5
[0]:13632 srpdump.c:137 dump_task(): 4:2=0
[0]:13632 srpdump.c:137 dump_task(): 0:3=5
[0]:13632 srpdump.c:137 dump_task(): 1:3=3
[0]:13632 srpdump.c:137 dump_task(): 2:3=4
[0]:13632 srpdump.c:137 dump_task(): 3:3=3
[0]:13632 srpdump.c:137 dump_task(): 4:3=1
[0]:13632 srpdump.c:137 dump_task(): 0:4=7
[0]:13632 srpdump.c:137 dump_task(): 1:4=0
[0]:13632 srpdump.c:137 dump_task(): 2:4=1
[0]:13632 srpdump.c:137 dump_task(): 3:4=5
[0]:13632 srpdump.c:137 dump_task(): 4:4=6
[13]:316 srpmpi.c:164 finalize(): prohledano stavu: 21893 (orezano: 20515)
[13]:316 srpmpi.c:169 finalize(): reseni nalezeno p=12
[13]:316 srpdump.c:171 dump_hist(): historie tahu:
[13]:316 srpdump.c:181 dump_hist(): 1. 0:0->1:2
[13]:316 srpdump.c:181 dump_hist(): 2. 4:2->2:3
[13]:316 srpdump.c:181 dump_hist(): 3. 2:3->3:1
[13]:316 srpdump.c:181 dump_hist(): 4. 3:1->1:0
[13]:316 srpdump.c:181 dump_hist(): 5. 1:2->0:0
[13]:316 srpmpi.c:173 finalize(): cas: 0.208083s
